2020-09-14 11:00:42,229 : WARN  : KNIME-Worker-0 :  : TileUpdateMessageInjector :  :  : Could not modify intro page: null
java.lang.NullPointerException
	at org.apache.xerces.dom.ParentNode.internalRemoveChild(Unknown Source)
	at org.apache.xerces.dom.ParentNode.removeChild(Unknown Source)
	at org.knime.product.rcp.intro.TileUpdateMessageInjector.injectReleaseTile(TileUpdateMessageInjector.java:127)
	at org.knime.product.rcp.intro.TileUpdateMessageInjector.injectData(TileUpdateMessageInjector.java:137)
	at org.knime.product.rcp.intro.AbstractInjector.run(AbstractInjector.java:152)
	at java.util.concurrent.Executors$RunnableAdapter.call(Executors.java:511)
	at java.util.concurrent.FutureTask.run(FutureTask.java:266)
	at org.knime.core.util.ThreadPool$MyFuture.run(ThreadPool.java:123)
	at org.knime.core.util.ThreadPool$Worker.run(ThreadPool.java:246)
2020-09-14 11:01:16,609 : WARN  : Worker-6 :  : WorkflowCoachView :  :  : Could not update node recommendations statistics.
java.io.IOException: Downloaded file doesn't contain node recommendation data.
	at org.knime.workbench.workflowcoach.data.AbstractFileDownloadTripleProvider.checkDownloadedFile(AbstractFileDownloadTripleProvider.java:190)
	at org.knime.workbench.workflowcoach.data.AbstractFileDownloadTripleProvider.update(AbstractFileDownloadTripleProvider.java:169)
	at org.knime.workbench.workflowcoach.prefs.UpdateJob.run(UpdateJob.java:132)
	at org.eclipse.core.internal.jobs.Worker.run(Worker.java:56)
2020-09-14 11:02:58,751 : WARN  : main :  : Node : Twitter API Connector : 2:1 : Consumer key is missing
2020-09-14 11:02:58,879 : WARN  : main :  : FontStore :  :  : Using the system default font for annotations: Font {140083248763728}
2020-09-14 11:10:29,636 : WARN  : main :  : Node : Twitter Search : 2:3 : Setting a query is mandatory.
2020-09-15 13:13:31,827 : WARN  : main :  : FontStore :  :  : Using the system default font for annotations: Font {140240278853360}
2020-09-16 16:17:16,564 : WARN  : main :  : FontStore :  :  : Using the system default font for annotations: Font {140425771920736}
2020-09-16 20:42:51,568 : WARN  : main :  : FontStore :  :  : Using the system default font for annotations: Font {139715420428016}
2020-09-16 21:08:44,642 : WARN  : main :  : Node : Table Reader : 0:9 : No source location provided! Please enter a valid location.
2020-09-16 22:02:25,128 : ERROR : ModalContext :  : FeatureTypeFactory : Object Inserter : 2:153 : Problems during initialization of basic feature type (for extension 'org.knime.network.core.core.feature.FeatureTypeSDF'.)
org.eclipse.core.runtime.CoreException: Plug-in "org.knime.network.base" was unable to instantiate class "org.knime.network.core.core.feature.FeatureTypeSDF".
	at org.eclipse.core.internal.registry.osgi.RegistryStrategyOSGI.throwException(RegistryStrategyOSGI.java:194)
	at org.eclipse.core.internal.registry.osgi.RegistryStrategyOSGI.createExecutableExtension(RegistryStrategyOSGI.java:188)
	at org.eclipse.core.internal.registry.ExtensionRegistry.createExecutableExtension(ExtensionRegistry.java:905)
	at org.eclipse.core.internal.registry.ConfigurationElement.createExecutableExtension(ConfigurationElement.java:243)
	at org.eclipse.core.internal.registry.ConfigurationElementHandle.createExecutableExtension(ConfigurationElementHandle.java:55)
	at org.knime.network.core.core.feature.FeatureTypeFactory.registerExtensionPoints(FeatureTypeFactory.java:180)
	at org.knime.network.core.core.feature.FeatureTypeFactory.<init>(FeatureTypeFactory.java:131)
	at org.knime.network.core.core.feature.FeatureTypeFactory.getInstance(FeatureTypeFactory.java:143)
	at org.knime.network.core.core.feature.FeatureTypeFactory.getBasicTypesMap(FeatureTypeFactory.java:355)
	at org.knime.network.core.core.feature.FeatureTypeFactory.getBasicType(FeatureTypeFactory.java:350)
	at org.knime.network.core.core.feature.FeatureTypeFactory.getType(FeatureTypeFactory.java:316)
	at org.knime.network.core.core.GraphMetaData.loadFeatureInfo(GraphMetaData.java:534)
	at org.knime.network.core.core.GraphMetaData.loadFeatureMetaData(GraphMetaData.java:525)
	at org.knime.network.core.core.GraphMetaData.load(GraphMetaData.java:486)
	at org.knime.network.core.knime.port.GraphPortObjectSpec.load(GraphPortObjectSpec.java:125)
	at org.knime.network.core.knime.port.GraphPortObjectSpec$Serializer.loadPortObjectSpec(GraphPortObjectSpec.java:93)
	at org.knime.network.core.knime.port.GraphPortObjectSpec$Serializer.loadPortObjectSpec(GraphPortObjectSpec.java:1)
	at org.knime.core.node.FileNodePersistor.loadPortObject(FileNodePersistor.java:429)
	at org.knime.core.node.FileNodePersistor.loadPort(FileNodePersistor.java:372)
	at org.knime.core.node.FileNodePersistor.loadPorts(FileNodePersistor.java:329)
	at org.knime.core.node.FileNodePersistor.load(FileNodePersistor.java:994)
	at org.knime.core.node.workflow.FileNativeNodeContainerPersistor.loadNCAndWashModelSettings(FileNativeNodeContainerPersistor.java:265)
	at org.knime.core.node.workflow.FileSingleNodeContainerPersistor.loadNodeContainer(FileSingleNodeContainerPersistor.java:259)
	at org.knime.core.node.workflow.WorkflowManager.postLoad(WorkflowManager.java:7865)
	at org.knime.core.node.workflow.WorkflowManager.loadContent(WorkflowManager.java:7756)
	at org.knime.core.node.workflow.WorkflowManager.postLoad(WorkflowManager.java:7881)
	at org.knime.core.node.workflow.WorkflowManager.loadContent(WorkflowManager.java:7756)
	at org.knime.core.node.workflow.WorkflowManager.load(WorkflowManager.java:7710)
	at org.knime.core.node.workflow.WorkflowManager.load(WorkflowManager.java:7631)
	at org.knime.core.node.workflow.WorkflowManager.load(WorkflowManager.java:7604)
	at org.knime.core.node.workflow.WorkflowManager.loadProject(WorkflowManager.java:7449)
	at org.knime.workbench.editor2.LoadWorkflowRunnable.run(LoadWorkflowRunnable.java:175)
	at org.eclipse.jface.operation.ModalContext$ModalContextThread.run(ModalContext.java:119)
Caused by: java.lang.NoClassDefFoundError: org/knime/chem/types/SdfValue
	at org.knime.network.core.core.feature.FeatureTypeSDF.<init>(FeatureTypeSDF.java:81)
	at org.knime.network.core.core.feature.FeatureTypeSDF.<clinit>(FeatureTypeSDF.java:65)
	at sun.reflect.NativeConstructorAccessorImpl.newInstance0(Native Method)
	at sun.reflect.NativeConstructorAccessorImpl.newInstance(NativeConstructorAccessorImpl.java:62)
	at sun.reflect.DelegatingConstructorAccessorImpl.newInstance(DelegatingConstructorAccessorImpl.java:45)
	at java.lang.reflect.Constructor.newInstance(Constructor.java:423)
	at java.lang.Class.newInstance(Class.java:442)
	at org.eclipse.core.internal.registry.osgi.RegistryStrategyOSGI.createExecutableExtension(RegistryStrategyOSGI.java:184)
	... 31 more
Caused by: java.lang.ClassNotFoundException: org.knime.chem.types.SdfValue cannot be found by org.knime.network.base_4.0.1.v201908131226
	at org.eclipse.osgi.internal.loader.BundleLoader.findClassInternal(BundleLoader.java:484)
	at org.eclipse.osgi.internal.loader.BundleLoader.findClass(BundleLoader.java:395)
	at org.eclipse.osgi.internal.loader.BundleLoader.findClass(BundleLoader.java:387)
	at org.eclipse.osgi.internal.loader.ModuleClassLoader.loadClass(ModuleClassLoader.java:150)
	at java.lang.ClassLoader.loadClass(ClassLoader.java:357)
	... 39 more
2020-09-17 08:22:37,877 : WARN  : main :  : FontStore :  :  : Using the system default font for annotations: Font {139964327204080}
2020-09-17 08:23:34,110 : ERROR : ModalContext :  : FeatureTypeFactory : Network Reader : 3:1 : Problems during initialization of basic feature type (for extension 'org.knime.network.core.core.feature.FeatureTypeSDF'.)
org.eclipse.core.runtime.CoreException: Plug-in "org.knime.network.base" was unable to instantiate class "org.knime.network.core.core.feature.FeatureTypeSDF".
	at org.eclipse.core.internal.registry.osgi.RegistryStrategyOSGI.throwException(RegistryStrategyOSGI.java:194)
	at org.eclipse.core.internal.registry.osgi.RegistryStrategyOSGI.createExecutableExtension(RegistryStrategyOSGI.java:188)
	at org.eclipse.core.internal.registry.ExtensionRegistry.createExecutableExtension(ExtensionRegistry.java:905)
	at org.eclipse.core.internal.registry.ConfigurationElement.createExecutableExtension(ConfigurationElement.java:243)
	at org.eclipse.core.internal.registry.ConfigurationElementHandle.createExecutableExtension(ConfigurationElementHandle.java:55)
	at org.knime.network.core.core.feature.FeatureTypeFactory.registerExtensionPoints(FeatureTypeFactory.java:180)
	at org.knime.network.core.core.feature.FeatureTypeFactory.<init>(FeatureTypeFactory.java:131)
	at org.knime.network.core.core.feature.FeatureTypeFactory.getInstance(FeatureTypeFactory.java:143)
	at org.knime.network.core.core.feature.FeatureTypeFactory.getBasicTypesMap(FeatureTypeFactory.java:355)
	at org.knime.network.core.core.feature.FeatureTypeFactory.getBasicType(FeatureTypeFactory.java:350)
	at org.knime.network.core.core.feature.FeatureTypeFactory.getType(FeatureTypeFactory.java:316)
	at org.knime.network.core.core.GraphMetaData.loadFeatureInfo(GraphMetaData.java:534)
	at org.knime.network.core.core.GraphMetaData.loadFeatureMetaData(GraphMetaData.java:525)
	at org.knime.network.core.core.GraphMetaData.load(GraphMetaData.java:486)
	at org.knime.network.core.knime.port.GraphPortObjectSpec.load(GraphPortObjectSpec.java:125)
	at org.knime.network.core.knime.port.GraphPortObjectSpec$Serializer.loadPortObjectSpec(GraphPortObjectSpec.java:93)
	at org.knime.network.core.knime.port.GraphPortObjectSpec$Serializer.loadPortObjectSpec(GraphPortObjectSpec.java:1)
	at org.knime.core.node.FileNodePersistor.loadPortObject(FileNodePersistor.java:429)
	at org.knime.core.node.FileNodePersistor.loadPort(FileNodePersistor.java:372)
	at org.knime.core.node.FileNodePersistor.loadPorts(FileNodePersistor.java:329)
	at org.knime.core.node.FileNodePersistor.load(FileNodePersistor.java:994)
	at org.knime.core.node.workflow.FileNativeNodeContainerPersistor.loadNCAndWashModelSettings(FileNativeNodeContainerPersistor.java:265)
	at org.knime.core.node.workflow.FileSingleNodeContainerPersistor.loadNodeContainer(FileSingleNodeContainerPersistor.java:259)
	at org.knime.core.node.workflow.WorkflowManager.postLoad(WorkflowManager.java:7865)
	at org.knime.core.node.workflow.WorkflowManager.loadContent(WorkflowManager.java:7756)
	at org.knime.core.node.workflow.WorkflowManager.postLoad(WorkflowManager.java:7881)
	at org.knime.core.node.workflow.WorkflowManager.loadContent(WorkflowManager.java:7756)
	at org.knime.core.node.workflow.WorkflowManager.load(WorkflowManager.java:7710)
	at org.knime.core.node.workflow.WorkflowManager.load(WorkflowManager.java:7631)
	at org.knime.core.node.workflow.WorkflowManager.load(WorkflowManager.java:7604)
	at org.knime.core.node.workflow.WorkflowManager.loadProject(WorkflowManager.java:7449)
	at org.knime.workbench.editor2.LoadWorkflowRunnable.run(LoadWorkflowRunnable.java:175)
	at org.eclipse.jface.operation.ModalContext$ModalContextThread.run(ModalContext.java:119)
Caused by: java.lang.NoClassDefFoundError: org/knime/chem/types/SdfValue
	at org.knime.network.core.core.feature.FeatureTypeSDF.<init>(FeatureTypeSDF.java:81)
	at org.knime.network.core.core.feature.FeatureTypeSDF.<clinit>(FeatureTypeSDF.java:65)
	at sun.reflect.NativeConstructorAccessorImpl.newInstance0(Native Method)
	at sun.reflect.NativeConstructorAccessorImpl.newInstance(NativeConstructorAccessorImpl.java:62)
	at sun.reflect.DelegatingConstructorAccessorImpl.newInstance(DelegatingConstructorAccessorImpl.java:45)
	at java.lang.reflect.Constructor.newInstance(Constructor.java:423)
	at java.lang.Class.newInstance(Class.java:442)
	at org.eclipse.core.internal.registry.osgi.RegistryStrategyOSGI.createExecutableExtension(RegistryStrategyOSGI.java:184)
	... 31 more
Caused by: java.lang.ClassNotFoundException: org.knime.chem.types.SdfValue cannot be found by org.knime.network.base_4.0.1.v201908131226
	at org.eclipse.osgi.internal.loader.BundleLoader.findClassInternal(BundleLoader.java:484)
	at org.eclipse.osgi.internal.loader.BundleLoader.findClass(BundleLoader.java:395)
	at org.eclipse.osgi.internal.loader.BundleLoader.findClass(BundleLoader.java:387)
	at org.eclipse.osgi.internal.loader.ModuleClassLoader.loadClass(ModuleClassLoader.java:150)
	at java.lang.ClassLoader.loadClass(ClassLoader.java:357)
	... 39 more
2020-09-17 08:26:16,694 : WARN  : main :  : Node : Network Reader : 0:1 : Errors overwriting node settings with flow variables: Unknown variable "knime.node(drop) schools_wikipedia_main_categories_directed.knet"
2020-09-17 09:38:55,741 : WARN  : main :  : Node : Table Reader : 0:244 : No source location provided! Please enter a valid location.
2020-09-17 09:39:48,472 : WARN  : main :  : Node : Row Filter : 0:243 : No row filter specified
2020-09-17 10:17:20,404 : WARN  : main :  : Node : GroupBy : 0:245 : No grouping column included. Aggregate complete table.
2020-09-17 10:17:20,405 : WARN  : main :  : Node : GroupBy : 0:245 : No aggregation column defined
2020-09-17 10:17:20,405 : WARN  : main :  : Node : GroupBy : 0:245 : No aggregation column defined
2020-09-17 10:17:20,474 : WARN  : main :  : Node : GroupBy : 0:245 : Please select at least one group or aggregation column
2020-09-17 10:28:08,047 : WARN  : main :  : Node : Object Inserter : 0:246 : Please select at least one node or edge id column
2020-09-17 10:37:52,499 : WARN  : main :  : Node : Row Filter : 0:248 : No row filter specified
2020-09-18 13:32:57,924 : ERROR : ModalContext :  : FeatureTypeFactory : Object Inserter : 0:246 : Problems during initialization of basic feature type (for extension 'org.knime.network.core.core.feature.FeatureTypeSDF'.)
org.eclipse.core.runtime.CoreException: Plug-in "org.knime.network.base" was unable to instantiate class "org.knime.network.core.core.feature.FeatureTypeSDF".
	at org.eclipse.core.internal.registry.osgi.RegistryStrategyOSGI.throwException(RegistryStrategyOSGI.java:194)
	at org.eclipse.core.internal.registry.osgi.RegistryStrategyOSGI.createExecutableExtension(RegistryStrategyOSGI.java:188)
	at org.eclipse.core.internal.registry.ExtensionRegistry.createExecutableExtension(ExtensionRegistry.java:905)
	at org.eclipse.core.internal.registry.ConfigurationElement.createExecutableExtension(ConfigurationElement.java:243)
	at org.eclipse.core.internal.registry.ConfigurationElementHandle.createExecutableExtension(ConfigurationElementHandle.java:55)
	at org.knime.network.core.core.feature.FeatureTypeFactory.registerExtensionPoints(FeatureTypeFactory.java:180)
	at org.knime.network.core.core.feature.FeatureTypeFactory.<init>(FeatureTypeFactory.java:131)
	at org.knime.network.core.core.feature.FeatureTypeFactory.getInstance(FeatureTypeFactory.java:143)
	at org.knime.network.core.core.feature.FeatureTypeFactory.getBasicTypesMap(FeatureTypeFactory.java:355)
	at org.knime.network.core.core.feature.FeatureTypeFactory.getBasicType(FeatureTypeFactory.java:350)
	at org.knime.network.core.core.feature.FeatureTypeFactory.getType(FeatureTypeFactory.java:316)
	at org.knime.network.core.core.GraphMetaData.loadFeatureInfo(GraphMetaData.java:534)
	at org.knime.network.core.core.GraphMetaData.loadFeatureMetaData(GraphMetaData.java:525)
	at org.knime.network.core.core.GraphMetaData.load(GraphMetaData.java:486)
	at org.knime.network.core.knime.port.GraphPortObjectSpec.load(GraphPortObjectSpec.java:125)
	at org.knime.network.core.knime.port.GraphPortObjectSpec$Serializer.loadPortObjectSpec(GraphPortObjectSpec.java:93)
	at org.knime.network.core.knime.port.GraphPortObjectSpec$Serializer.loadPortObjectSpec(GraphPortObjectSpec.java:1)
	at org.knime.core.node.FileNodePersistor.loadPortObject(FileNodePersistor.java:429)
	at org.knime.core.node.FileNodePersistor.loadPort(FileNodePersistor.java:372)
	at org.knime.core.node.FileNodePersistor.loadPorts(FileNodePersistor.java:329)
	at org.knime.core.node.FileNodePersistor.load(FileNodePersistor.java:994)
	at org.knime.core.node.workflow.FileNativeNodeContainerPersistor.loadNCAndWashModelSettings(FileNativeNodeContainerPersistor.java:265)
	at org.knime.core.node.workflow.FileSingleNodeContainerPersistor.loadNodeContainer(FileSingleNodeContainerPersistor.java:259)
	at org.knime.core.node.workflow.WorkflowManager.postLoad(WorkflowManager.java:7865)
	at org.knime.core.node.workflow.WorkflowManager.loadContent(WorkflowManager.java:7756)
	at org.knime.core.node.workflow.WorkflowManager.postLoad(WorkflowManager.java:7881)
	at org.knime.core.node.workflow.WorkflowManager.loadContent(WorkflowManager.java:7756)
	at org.knime.core.node.workflow.WorkflowManager.load(WorkflowManager.java:7710)
	at org.knime.core.node.workflow.WorkflowManager.load(WorkflowManager.java:7631)
	at org.knime.core.node.workflow.WorkflowManager.load(WorkflowManager.java:7604)
	at org.knime.core.node.workflow.WorkflowManager.loadProject(WorkflowManager.java:7449)
	at org.knime.workbench.editor2.LoadWorkflowRunnable.run(LoadWorkflowRunnable.java:175)
	at org.eclipse.jface.operation.ModalContext$ModalContextThread.run(ModalContext.java:119)
Caused by: java.lang.NoClassDefFoundError: org/knime/chem/types/SdfValue
	at org.knime.network.core.core.feature.FeatureTypeSDF.<init>(FeatureTypeSDF.java:81)
	at org.knime.network.core.core.feature.FeatureTypeSDF.<clinit>(FeatureTypeSDF.java:65)
	at sun.reflect.NativeConstructorAccessorImpl.newInstance0(Native Method)
	at sun.reflect.NativeConstructorAccessorImpl.newInstance(NativeConstructorAccessorImpl.java:62)
	at sun.reflect.DelegatingConstructorAccessorImpl.newInstance(DelegatingConstructorAccessorImpl.java:45)
	at java.lang.reflect.Constructor.newInstance(Constructor.java:423)
	at java.lang.Class.newInstance(Class.java:442)
	at org.eclipse.core.internal.registry.osgi.RegistryStrategyOSGI.createExecutableExtension(RegistryStrategyOSGI.java:184)
	... 31 more
Caused by: java.lang.ClassNotFoundException: org.knime.chem.types.SdfValue cannot be found by org.knime.network.base_4.0.1.v201908131226
	at org.eclipse.osgi.internal.loader.BundleLoader.findClassInternal(BundleLoader.java:484)
	at org.eclipse.osgi.internal.loader.BundleLoader.findClass(BundleLoader.java:395)
	at org.eclipse.osgi.internal.loader.BundleLoader.findClass(BundleLoader.java:387)
	at org.eclipse.osgi.internal.loader.ModuleClassLoader.loadClass(ModuleClassLoader.java:150)
	at java.lang.ClassLoader.loadClass(ClassLoader.java:357)
	... 39 more
2020-09-18 13:32:58,775 : WARN  : main :  : FontStore :  :  : Using the system default font for annotations: Font {139632746470240}
